#                                                               --- full sequence ---- --- best 1 domain ---- --- domain number estimation ----
# target name        accession  query name           accession    E-value  score  bias   E-value  score  bias   exp reg clu  ov env dom rep inc description of target
#------------------- ---------- -------------------- ---------- --------- ------ ----- --------- ------ -----   --- --- --- --- --- --- --- --- ---------------------
synMinEv04           -          MinE                 PF03776.17   1.1e-28   90.8   1.4   1.3e-28   90.6   1.4   1.1   1   0   0   1   1   1   1 -
synMinEv26           -          MinE                 PF03776.17   1.8e-28   90.1   1.1   2.1e-28   89.9   1.1   1.1   1   0   0   1   1   1   1 -
synMinEv31           -          MinE                 PF03776.17   2.2e-28   89.8   1.8   2.7e-28   89.6   1.8   1.1   1   0   0   1   1   1   1 -
synMinEv06           -          MinE                 PF03776.17   6.2e-28   88.4   0.2   7.2e-28   88.2   0.2   1.1   1   0   0   1   1   1   1 -
synMinEv46           -          MinE                 PF03776.17   1.6e-27   87.1   0.2   1.9e-27   86.8   0.2   1.1   1   0   0   1   1   1   1 -
synMinEv43           -          MinE                 PF03776.17   1.6e-27   87.0   0.3   1.9e-27   86.8   0.3   1.1   1   0   0   1   1   1   1 -
synMinEv35           -          MinE                 PF03776.17   9.7e-26   81.4   0.5   1.2e-25   81.1   0.5   1.1   1   0   0   1   1   1   1 -
synMinEv25           -          MinE                 PF03776.17   1.4e-24   77.7   0.1   1.6e-24   77.5   0.1   1.0   1   0   0   1   1   1   1 -
synMinEv20           -          MinE                 PF03776.17     2e-24   77.2   0.2   2.4e-24   76.9   0.2   1.1   1   0   0   1   1   1   1 -
synMinEv10           -          MinE                 PF03776.17   2.1e-24   77.1   0.4   2.4e-24   76.9   0.4   1.0   1   0   0   1   1   1   1 -
synMinEv29           -          MinE                 PF03776.17   4.4e-24   76.0   1.0   5.5e-24   75.7   1.0   1.1   1   0   0   1   1   1   1 -
synMinEv39           -          MinE                 PF03776.17   2.8e-23   73.5   0.6   3.2e-23   73.3   0.6   1.0   1   0   0   1   1   1   1 -
synMinEv44           -          MinE                 PF03776.17   1.1e-22   71.5   0.2   1.3e-22   71.3   0.2   1.0   1   0   0   1   1   1   1 -
synMinEv01           -          MinE                 PF03776.17   1.2e-22   71.4   1.1   1.5e-22   71.1   1.1   1.1   1   0   0   1   1   1   1 -
synMinEv36           -          MinE                 PF03776.17   3.5e-22   69.9   3.2   4.3e-22   69.7   3.2   1.1   1   0   0   1   1   1   1 -
synMinEv05           -          MinE                 PF03776.17   3.9e-22   69.8   1.0   4.4e-22   69.6   1.0   1.0   1   0   0   1   1   1   1 -
synMinEv23           -          MinE                 PF03776.17   4.3e-22   69.7   0.0   4.9e-22   69.5   0.0   1.0   1   0   0   1   1   1   1 -
synMinEv21           -          MinE                 PF03776.17     6e-22   69.2   0.0   7.1e-22   69.0   0.0   1.1   1   0   0   1   1   1   1 -
synMinEv38           -          MinE                 PF03776.17   8.1e-22   68.8   0.2   9.6e-22   68.6   0.2   1.1   1   0   0   1   1   1   1 -
synMinEv33           -          MinE                 PF03776.17   8.2e-22   68.8   0.5     1e-21   68.4   0.5   1.1   1   0   0   1   1   1   1 -
synMinEv42           -          MinE                 PF03776.17   1.2e-21   68.3   1.4   1.4e-21   68.0   1.4   1.1   1   0   0   1   1   1   1 -
synMinEv07           -          MinE                 PF03776.17   2.8e-21   67.1   0.2   3.3e-21   66.8   0.2   1.1   1   0   0   1   1   1   1 -
synMinEv30           -          MinE                 PF03776.17   3.8e-21   66.6   1.7   4.5e-21   66.4   1.7   1.1   1   0   0   1   1   1   1 -
synMinEv41           -          MinE                 PF03776.17   5.2e-21   66.2   1.7   5.9e-21   66.0   1.7   1.0   1   0   0   1   1   1   1 -
synMinEv15           -          MinE                 PF03776.17     2e-20   64.3   0.5   2.6e-20   63.9   0.5   1.2   1   0   0   1   1   1   1 -
synMinEv40           -          MinE                 PF03776.17   2.6e-20   64.0   0.1     4e-20   63.4   0.1   1.3   1   0   0   1   1   1   1 -
synMinEv09           -          MinE                 PF03776.17   4.2e-20   63.3   0.7   4.4e-20   63.2   0.7   1.0   1   0   0   1   1   1   1 -
synMinEv19           -          MinE                 PF03776.17   1.1e-19   61.9   2.1   1.3e-19   61.7   2.1   1.1   1   0   0   1   1   1   1 -
synMinEv48           -          MinE                 PF03776.17     2e-19   61.1   0.0   2.2e-19   61.0   0.0   1.0   1   0   0   1   1   1   1 -
synMinEv18           -          MinE                 PF03776.17     3e-19   60.6   0.1   3.5e-19   60.3   0.1   1.1   1   0   0   1   1   1   1 -
synMinEv37           -          MinE                 PF03776.17   3.5e-19   60.4   1.6   4.2e-19   60.1   1.6   1.1   1   0   0   1   1   1   1 -
synMinEv11           -          MinE                 PF03776.17   3.9e-18   57.0   0.2   4.6e-18   56.7   0.2   1.1   1   0   0   1   1   1   1 -
synMinEv16           -          MinE                 PF03776.17   4.2e-18   56.9   0.0   5.7e-18   56.5   0.0   1.2   1   0   0   1   1   1   1 -
synMinEv47           -          MinE                 PF03776.17   4.4e-18   56.8   0.2   5.1e-18   56.6   0.2   1.1   1   0   0   1   1   1   1 -
synMinEv08           -          MinE                 PF03776.17   6.1e-18   56.4   0.8   7.6e-18   56.1   0.8   1.1   1   0   0   1   1   1   1 -
synMinEv02           -          MinE                 PF03776.17   6.4e-18   56.3   2.5   7.5e-18   56.1   2.5   1.1   1   0   0   1   1   1   1 -
synMinEv45           -          MinE                 PF03776.17   7.8e-18   56.0   0.0   8.9e-18   55.8   0.0   1.1   1   0   0   1   1   1   1 -
synMinEv27           -          MinE                 PF03776.17   9.6e-18   55.7   0.0   1.6e-17   55.0   0.0   1.4   1   1   0   1   1   1   1 -
synMinEv12           -          MinE                 PF03776.17   1.5e-17   55.1   0.0   1.8e-17   54.8   0.0   1.1   1   0   0   1   1   1   1 -
synMinEv17           -          MinE                 PF03776.17   3.1e-17   54.1   0.0   3.9e-17   53.8   0.0   1.2   1   0   0   1   1   1   1 -
synMinEv28           -          MinE                 PF03776.17   7.2e-17   52.9   2.0   9.3e-17   52.6   2.0   1.1   1   0   0   1   1   1   1 -
synMinEv32           -          MinE                 PF03776.17   2.9e-16   51.0   2.7   3.5e-16   50.7   2.7   1.0   1   0   0   1   1   1   1 -
synMinEv34           -          MinE                 PF03776.17   6.4e-15   46.7   0.0   9.1e-15   46.2   0.0   1.2   1   0   0   1   1   1   1 -
synMinEv14           -          MinE                 PF03776.17   4.3e-14   44.0   1.1   5.3e-14   43.7   1.1   1.1   1   0   0   1   1   1   1 -
synMinEv22           -          MinE                 PF03776.17   8.3e-14   43.1   0.1   9.6e-14   42.9   0.1   1.1   1   0   0   1   1   1   1 -
synMinEv13           -          MinE                 PF03776.17   2.8e-10   31.8   0.4   3.6e-10   31.5   0.4   1.1   1   0   0   1   1   1   1 -
synMinEv24           -          MinE                 PF03776.17   1.1e-08   26.8   0.3   1.3e-08   26.5   0.3   1.2   1   0   0   1   1   1   1 -
synMinEv03           -          MinE                 PF03776.17   4.7e-08   24.7   0.5   5.6e-08   24.5   0.5   1.2   1   0   0   1   1   1   1 -
#
# Program:         hmmsearch
# Version:         3.1b2 (February 2015)
# Pipeline mode:   SEARCH
# Query file:      ../synMinE_Github/ProteinGeneration/Data/Raw/minE.hmm
# Target file:     ../synMinE_Github/Data/synMinEs.fasta
# Option settings: hmmsearch --tblout hmmsearch_scores.out ../synMinE_Github/ProteinGeneration/Data/Raw/minE.hmm ../synMinE_Github/Data/synMinEs.fasta 
# Current dir:     /fs/gpfs41/lv02/fileset02/pool/pool-bfrohn/Projects/04_synMinE/PostHocAnalysis
# Date:            Thu Jan 11 14:48:02 2024
# [ok]
